{"name": "POST Create Users from Payloads", "status": "failed", "statusDetails": {"message": "AssertionError: assert 401 == 201\n +  where 401 = <Response [401]>.status_code", "trace": "payload = {'job': 'Lead Architect', 'name': 'VeryVeryLongUserNameThatExceedsTypicalFieldLengthsToTestBoundaries'}\n\n    @allure.title(\"POST Create Users from Payloads\")\n    @allure.severity(allure.severity_level.CRITICAL)\n    @pytest.mark.parametrize(\"payload\", json.load(open(\"data/post_user_payloads.json\")))\n    def test_create_user(payload):\n        url = f\"{BASE_URL}/users\"\n        response = requests.post(url, json=payload, headers=get_headers())\n    \n>       assert response.status_code == 201\nE       assert 401 == 201\nE        +  where 401 = <Response [401]>.status_code\n\ntests/test_users_api.py:62: AssertionError"}, "parameters": [{"name": "payload", "value": "{'name': 'VeryVeryLongUserNameThatExceedsTypicalFieldLengthsToTestBoundaries', 'job': 'Lead Architect'}"}], "start": 1751508812998, "stop": 1751508813314, "uuid": "0c822448-4d00-4f54-b3a3-f598f7314ad6", "historyId": "6da20b85f0555c472579849c384fa15c", "testCaseId": "d2f649b54580527ef0689f2154ae27db", "fullName": "tests.test_users_api#test_create_user", "labels": [{"name": "severity", "value": "critical"}, {"name": "parentSuite", "value": "tests"}, {"name": "suite", "value": "test_users_api"}, {"name": "host", "value": "codespaces-2886b5"}, {"name": "thread", "value": "7487-MainThread"}, {"name": "framework", "value": "pytest"}, {"name": "language", "value": "cpython3"}, {"name": "package", "value": "tests.test_users_api"}]}