{"name": "Validate Standard Headers", "status": "failed", "statusDetails": {"message": "AssertionError: assert 401 == 200\n +  where 401 = <Response [401]>.status_code", "trace": "@allure.title(\"Validate Standard Headers\")\n    @allure.severity(allure.severity_level.TRIVIAL)\n    def test_headers_validation():\n        url = f\"{BASE_URL}/users?page=1\"\n        response = requests.get(url, headers=get_headers())\n    \n>       assert response.status_code == 200\nE       assert 401 == 200\nE        +  where 401 = <Response [401]>.status_code\n\ntests/test_users_api.py:91: AssertionError"}, "start": 1751508636517, "stop": 1751508636891, "uuid": "36c687bf-b25f-4967-8cd5-8dd9db514cce", "historyId": "f639ca74938348ecc9b15fe927b41b40", "testCaseId": "f639ca74938348ecc9b15fe927b41b40", "fullName": "tests.test_users_api#test_headers_validation", "labels": [{"name": "severity", "value": "trivial"}, {"name": "parentSuite", "value": "tests"}, {"name": "suite", "value": "test_users_api"}, {"name": "host", "value": "codespaces-2886b5"}, {"name": "thread", "value": "5609-MainThread"}, {"name": "framework", "value": "pytest"}, {"name": "language", "value": "cpython3"}, {"name": "package", "value": "tests.test_users_api"}]}