{"name": "POST Create Users from Payloads", "status": "failed", "statusDetails": {"message": "AssertionError: assert 401 == 201\n +  where 401 = <Response [401]>.status_code", "trace": "payload = {'job': 'Software Engineer', 'name': 'Alice'}\n\n    @allure.title(\"POST Create Users from Payloads\")\n    @allure.severity(allure.severity_level.CRITICAL)\n    @pytest.mark.parametrize(\"payload\", json.load(open(\"data/post_user_payloads.json\")))\n    def test_create_user(payload):\n        url = f\"{BASE_URL}/users\"\n        response = requests.post(url, json=payload, headers=get_headers())\n    \n>       assert response.status_code == 201\nE       assert 401 == 201\nE        +  where 401 = <Response [401]>.status_code\n\ntests/test_users_api.py:62: AssertionError"}, "parameters": [{"name": "payload", "value": "{'name': 'Alice', 'job': 'Software Engineer'}"}], "start": 1751508633388, "stop": 1751508633955, "uuid": "dac7aadd-f688-450b-8a0f-c1570ac1a3ef", "historyId": "05154612594d69592c05867acd9357e9", "testCaseId": "d2f649b54580527ef0689f2154ae27db", "fullName": "tests.test_users_api#test_create_user", "labels": [{"name": "severity", "value": "critical"}, {"name": "parentSuite", "value": "tests"}, {"name": "suite", "value": "test_users_api"}, {"name": "host", "value": "codespaces-2886b5"}, {"name": "thread", "value": "5609-MainThread"}, {"name": "framework", "value": "pytest"}, {"name": "language", "value": "cpython3"}, {"name": "package", "value": "tests.test_users_api"}]}